<?xml version="1.0" encoding="UTF-8"?>
<testsuite name="com.andersenlab.CareersTest" tests="1" skipped="0" failures="0" errors="0" timestamp="2017-08-28T13:43:20" hostname="DESKTOP-K3QMAOL" time="21.661">
  <properties/>
  <testcase name="testSendCV[0](com.andersenlab.model.CVData@62b8444f)" classname="com.andersenlab.CareersTest" time="21.661"/>
  <system-out><![CDATA[]]></system-out>
  <system-err><![CDATA[JavaScript error: https://mc.yandex.ru/metrika/tag.js, line 163: ReferenceError: event is not defined
JavaScript error: https://mc.yandex.ru/metrika/tag.js, line 163: ReferenceError: event is not defined
JavaScript error: https://mc.yandex.ru/metrika/tag.js, line 163: ReferenceError: event is not defined
JavaScript error: https://mc.yandex.ru/metrika/tag.js, line 163: ReferenceError: event is not defined
JavaScript error: https://mc.yandex.ru/metrika/tag.js, line 163: ReferenceError: event is not defined
JavaScript error: https://mc.yandex.ru/metrika/tag.js, line 163: ReferenceError: event is not defined
1503927822650	addons.productaddons	INFO	sending request to: https://aus5.mozilla.org/update/3/GMP/52.3.0/20170802111520/WINNT_x86_64-msvc-x64/en-US/esr/Windows_NT%2010.0.0.0%20(x64)/default/default/update.xml
]]></system-err>
</testsuite>
